<?xml version="1.0" encoding="UTF-8"?>
<!-- Generated by org.testng.reporters.JUnitReportReporter -->
<testsuite hostname="DESKTOP-5QGV7PI" failures="0" tests="1" name="testDataSample.Automobile_dataprovider" time="18.315" errors="0" timestamp="2022-12-01T16:17:12 IST" skipped="0">
  <testcase classname="testDataSample.Automobile_dataprovider" name="automobileInsurance" time="18.315"/>
  <system-out/>
</testsuite> <!-- testDataSample.Automobile_dataprovider -->
