<?xml version="1.0" encoding="UTF-8"?>
<!-- Generated by org.testng.reporters.JUnitReportReporter -->
<testsuite hostname="DESKTOP-5QGV7PI" failures="0" tests="1" name="testDataSample.About_click" time="18.909" errors="0" timestamp="2022-12-05T15:57:23 IST" skipped="0">
  <testcase classname="testDataSample.About_click" name="auto" time="18.909"/>
  <system-out/>
</testsuite> <!-- testDataSample.About_click -->
