<?xml version="1.0" encoding="UTF-8"?>
<!-- Generated by org.testng.reporters.JUnitReportReporter -->
<testsuite hostname="DESKTOP-5QGV7PI" failures="0" tests="1" name="testDataSample.Motorcycle_dataprovider" time="17.090" errors="0" timestamp="2022-12-02T15:33:04 IST" skipped="0">
  <testcase classname="testDataSample.Motorcycle_dataprovider" name="motorcycle" time="17.090"/>
  <system-out/>
</testsuite> <!-- testDataSample.Motorcycle_dataprovider -->
