<?xml version="1.0" encoding="UTF-8"?>
<!-- Generated by org.testng.reporters.JUnitReportReporter -->
<testsuite hostname="DESKTOP-5QGV7PI" failures="0" tests="1" name="testDataSample.Request_demo" time="4.640" errors="0" timestamp="2022-12-02T17:45:49 IST" skipped="0">
  <testcase classname="testDataSample.Request_demo" name="demo" time="4.640"/>
  <system-out/>
</testsuite> <!-- testDataSample.Request_demo -->
