<?xml version="1.0" encoding="UTF-8"?>
<!-- Generated by org.testng.reporters.JUnitReportReporter -->
<testsuite hostname="DESKTOP-5QGV7PI" failures="0" tests="1" name="testDataSample.Auto_function_camper$Auto_function_camp" time="5.633" errors="0" timestamp="2022-12-05T10:30:08 IST" skipped="0">
  <testcase classname="testDataSample.Auto_function_camper$Auto_function_camp" name="auto" time="5.633"/>
  <system-out/>
</testsuite> <!-- testDataSample.Auto_function_camper$Auto_function_camp -->
