<?xml version="1.0" encoding="UTF-8"?>
<!-- Generated by org.testng.reporters.JUnitReportReporter -->
<testsuite hostname="DESKTOP-5QGV7PI" failures="0" tests="1" name="testDataSample.Search_sendkeys" time="4.973" errors="0" timestamp="2022-12-02T17:48:14 IST" skipped="0">
  <testcase classname="testDataSample.Search_sendkeys" name="demo" time="4.973"/>
  <system-out/>
</testsuite> <!-- testDataSample.Search_sendkeys -->
